{"/home/laboratoria/SAP003-md-links/lib/index.js": {"path":"/home/laboratoria/SAP003-md-links/lib/index.js","statementMap":{"0":{"start":{"line":1,"column":11},"end":{"line":1,"column":24}},"1":{"start":{"line":3,"column":21},"end":{"line":3,"column":45}},"2":{"start":{"line":6,"column":3},"end":{"line":22,"column":6}},"3":{"start":{"line":7,"column":8},"end":{"line":21,"column":10}},"4":{"start":{"line":8,"column":12},"end":{"line":20,"column":13}},"5":{"start":{"line":9,"column":16},"end":{"line":9,"column":27}},"6":{"start":{"line":11,"column":30},"end":{"line":11,"column":54}},"7":{"start":{"line":13,"column":30},"end":{"line":18,"column":18}},"8":{"start":{"line":14,"column":34},"end":{"line":14,"column":48}},"9":{"start":{"line":15,"column":33},"end":{"line":15,"column":58}},"10":{"start":{"line":16,"column":33},"end":{"line":16,"column":41}},"11":{"start":{"line":17,"column":20},"end":{"line":17,"column":39}},"12":{"start":{"line":19,"column":16},"end":{"line":19,"column":32}},"13":{"start":{"line":25,"column":0},"end":{"line":25,"column":24}}},"fnMap":{"0":{"name":"mdlink","decl":{"start":{"line":5,"column":9},"end":{"line":5,"column":15}},"loc":{"start":{"line":5,"column":21},"end":{"line":23,"column":1}},"line":5},"1":{"name":"(anonymous_1)","decl":{"start":{"line":6,"column":22},"end":{"line":6,"column":23}},"loc":{"start":{"line":6,"column":41},"end":{"line":22,"column":5}},"line":6},"2":{"name":"(anonymous_2)","decl":{"start":{"line":7,"column":34},"end":{"line":7,"column":35}},"loc":{"start":{"line":7,"column":47},"end":{"line":21,"column":9}},"line":7},"3":{"name":"(anonymous_3)","decl":{"start":{"line":13,"column":40},"end":{"line":13,"column":41}},"loc":{"start":{"line":13,"column":46},"end":{"line":18,"column":17}},"line":13}},"branchMap":{"0":{"loc":{"start":{"line":8,"column":12},"end":{"line":20,"column":13}},"type":"if","locations":[{"start":{"line":8,"column":12},"end":{"line":20,"column":13}},{"start":{"line":8,"column":12},"end":{"line":20,"column":13}}],"line":8}},"s":{"0":1,"1":1,"2":2,"3":2,"4":2,"5":1,"6":1,"7":1,"8":2,"9":2,"10":2,"11":2,"12":1,"13":1},"f":{"0":2,"1":2,"2":2,"3":2},"b":{"0":[1,1]},"_coverageSchema":"332fd63041d2c1bcb487cc26dd0d5f7d97098a6c","hash":"33735b3eaa51431fa93106b63e4a17a45b4cc548"}
}
